2024-02-21 21:25:13 [scrapy.utils.log] INFO: Scrapy 2.11.0 started (bot: educrawlerCrawlerService)
2024-02-21 21:25:13 [scrapy.utils.log] INFO: Versions: lxml 4.9.3.0, libxml2 2.10.3, cssselect 1.2.0, parsel 1.8.1, w3lib 2.1.2, Twisted 22.10.0, Python 3.11.3 (tags/v3.11.3:f3909b8, Apr  4 2023, 23:49:59) [MSC v.1934 64 bit (AMD64)], pyOpenSSL 23.2.0 (OpenSSL 3.1.3 19 Sep 2023), cryptography 41.0.4, Platform Windows-10-10.0.22621-SP0
2024-02-21 21:25:13 [scrapy.addons] INFO: Enabled addons:
[]
2024-02-21 21:25:13 [asyncio] DEBUG: Using selector: SelectSelector
2024-02-21 21:25:13 [scrapy.utils.log] DEBUG: Using reactor: twisted.internet.asyncioreactor.AsyncioSelectorReactor
2024-02-21 21:25:13 [scrapy.utils.log] DEBUG: Using asyncio event loop: asyncio.windows_events._WindowsSelectorEventLoop
2024-02-21 21:25:13 [scrapy.extensions.telnet] INFO: Telnet Password: 078c7d8f28fe48ac
2024-02-21 21:25:14 [scrapy.middleware] INFO: Enabled extensions:
['scrapy.extensions.corestats.CoreStats',
 'scrapy.extensions.telnet.TelnetConsole',
 'scrapy.extensions.logstats.LogStats',
 'scrapeops_scrapy.extension.ScrapeOpsMonitor']
2024-02-21 21:25:14 [scrapy.crawler] INFO: Overridden settings:
{'BOT_NAME': 'educrawlerCrawlerService',
 'DEPTH_LIMIT': 3,
 'DOWNLOAD_DELAY': 2,
 'FEED_EXPORT_ENCODING': 'utf-8',
 'LOG_FILE': 'logs\\default\\demoCrawlerURL\\04919265d0c511eeb3ee9cfce8f276e2.log',
 'NEWSPIDER_MODULE': 'educrawlerCrawlerService.spiders',
 'REQUEST_FINGERPRINTER_IMPLEMENTATION': '2.7',
 'ROBOTSTXT_OBEY': True,
 'SPIDER_MODULES': ['educrawlerCrawlerService.spiders'],
 'TWISTED_REACTOR': 'twisted.internet.asyncioreactor.AsyncioSelectorReactor'}
2024-02-21 21:25:14 [scrapy.middleware] INFO: Enabled downloader middlewares:
['scrapy.downloadermiddlewares.robotstxt.RobotsTxtMiddleware',
 'scrapy.downloadermiddlewares.httpauth.HttpAuthMiddleware',
 'scrapy.downloadermiddlewares.downloadtimeout.DownloadTimeoutMiddleware',
 'scrapy.downloadermiddlewares.defaultheaders.DefaultHeadersMiddleware',
 'scrapy.downloadermiddlewares.useragent.UserAgentMiddleware',
 'scrapeops_scrapy.middleware.retry.RetryMiddleware',
 'scrapy.downloadermiddlewares.redirect.MetaRefreshMiddleware',
 'scrapy.downloadermiddlewares.httpcompression.HttpCompressionMiddleware',
 'scrapy.downloadermiddlewares.redirect.RedirectMiddleware',
 'scrapy.downloadermiddlewares.cookies.CookiesMiddleware',
 'scrapy.downloadermiddlewares.httpproxy.HttpProxyMiddleware',
 'scrapy.downloadermiddlewares.stats.DownloaderStats']
2024-02-21 21:25:14 [scrapy.middleware] INFO: Enabled spider middlewares:
['scrapy.spidermiddlewares.httperror.HttpErrorMiddleware',
 'scrapy.spidermiddlewares.offsite.OffsiteMiddleware',
 'scrapy.spidermiddlewares.referer.RefererMiddleware',
 'scrapy.spidermiddlewares.urllength.UrlLengthMiddleware',
 'scrapy.spidermiddlewares.depth.DepthMiddleware']
2024-02-21 21:25:15 [scrapy.middleware] INFO: Enabled item pipelines:
['educrawlerCrawlerService.pipelines.EducrawlercrawlerservicePipeline',
 'educrawlerCrawlerService.pipelines.DemoPipeline']
2024-02-21 21:25:15 [scrapy.core.engine] INFO: Spider opened
2024-02-21 21:25:15 [scrapy.extensions.logstats] INFO: Crawled 0 pages (at 0 pages/min), scraped 0 items (at 0 items/min)
2024-02-21 21:25:15 [urllib3.connectionpool] DEBUG: Starting new HTTPS connection (1): api.scrapeops.io:443
2024-02-21 21:25:16 [urllib3.connectionpool] DEBUG: https://api.scrapeops.io:443 "POST /api/v1/setup/ HTTP/1.1" 200 None
2024-02-21 21:25:16 [scrapy.extensions.telnet] INFO: Telnet console listening on 127.0.0.1:6023
2024-02-21 21:25:16 [urllib3.connectionpool] DEBUG: Starting new HTTPS connection (1): api.scrapeops.io:443
2024-02-21 21:25:17 [urllib3.connectionpool] DEBUG: https://api.scrapeops.io:443 "POST /api/v1/normalizer/domain/?domain=moet.gov.vn HTTP/1.1" 200 242
2024-02-21 21:25:17 [scrapy.core.engine] DEBUG: Crawled (404) <GET https://moet.gov.vn/robots.txt> (referer: None)
2024-02-21 21:25:17 [protego] DEBUG: Rule at line 9 without any user agent to enforce it on.
2024-02-21 21:25:18 [scrapy.core.engine] DEBUG: Crawled (200) <GET https://moet.gov.vn/tintuc/Pages/tin-tong-hop.aspx?ItemID=9175> (referer: None)
2024-02-21 21:25:19 [scrapy.core.scraper] ERROR: Error processing {'crawlerType': 'demo', 'domain': 'moet.gov.vn', 'url': 'https://moet.gov.vn/tintuc/Pages/tin-tong-hop.aspx?ItemID=9175', 'academic_keyword': 66, 'keywords': ['giáo dục', 'giáo dục', 'học', 'đào tạo', 'đào tạo'], 'title': '\r\n\t10 nhóm nhiệm vụ trọng tâm của Bộ Giáo dục và Đào tạo năm 2024\r\n', 'reformatted_content': '09/02/2024\n2860\nIn bài viết\nTrên cơ sở các Nghị quyết của Đảng, Quốc hội, các văn bản chỉ đạo của Chính phủ, Thủ tướng Chính phủ về giáo dục và đào tạo, năm 2024, Bộ Giáo dục và Đào tạo tập trung chỉ đạo, hướng dẫn, tổ chức triển khai 10 nhóm nhiệm vụ trọng tâm.\n1. Tổ chức triển khai Kết luận của Bộ Chính trị về tiếp tục thực hiện Nghị quyết số 29-NQ/TW, ngày 04/11/2013 của Ban Chấp hành Trung ương Đảng khóa XI “Về đổi mới căn bản, toàn diện giáo dục và đào tạo, đáp ứng yêu cầu công nghiệp hóa, hiện đại hóa trong điều kiện kinh tế thị trường định hướng xã hội chủ nghĩa và hội nhập quốc tế”; triển khai thực hiện Chỉ thị số 32/CT-TTg ngày 25/12/2023 của Thủ tướng Chính phủ về việc tiếp tục đẩy mạnh đổi mới căn bản, toàn diện giáo dục phổ thông, triển khai Nghị quyết của Chính phủ ban hành Kế hoạch thực hiện Nghị quyết số 686/NQ-UBTVQH15 ngày 18/9/2023 của Uỷ ban Thường vụ Quốc hội về giám sát chuyên đề về việc thực hiện Nghị quyết số 88/2014/QH và Nghị quyết số 51/2017/QH14 của Quốc hội về đổi mới chương trình, sách giáo khoa giáo dục phổ thông. 2. Tiếp tục thể chế hóa các quan điểm, chủ trương của Đảng và Nhà nước về giáo dục và đào tạo; tập trung rà soát, hoàn thiện các văn bản quy phạm pháp luật theo chức năng quản lý nhà nước của Bộ, hoàn thành dứt điểm các văn bản Chính phủ, Thủ tướng Chính phủ giao nhưng chưa hoàn thành trong năm 2023. Tập trung triển khai xây dựng Luật Nhà giáo bảo đảm tiến độ, chất lượng. 3. Trình Quốc hội ban hành Nghị quyết về phổ cập giáo dục mầm non cho trẻ em mẫu giáo 3 - 5 tuổi và Nghị quyết về đổi mới Chương trình Giáo dục mầm non; trình Chính phủ ban hành Đề án phát triển cơ sở giáo dục mầm non và nâng cao chất lượng nuôi dưỡng, chăm sóc, giáo dục trẻ từ 06 đến 36 tháng tuổi là con công nhân tại các địa bàn khu công nghiệp. Tổ chức triển khai Chương trình Giáo dục phổ thông 2018 đối với tất cả các lớp học từ lớp 1 đến lớp 12; thẩm định bổ sung sách giáo khoa biên soạn theo Chương trình giáo dục phổ thông 2018 (nếu có); biên soạn, thẩm định, phê duyệt sách giáo khoa tiếng dân tộc thiểu số lớp 4, lớp 5. Tiếp tục thực hiện hiệu quả phong trào “Cả nước thi đua xây dựng xã hội học tập, đẩy mạnh học tập suốt đời giai đoạn 2023 - 2030” do Thủ tướng Chính phủ phát động. Chỉ đạo, tổ chức Kỳ thi tốt nghiệp trung học phổ thông năm 2024 an toàn, nghiêm túc, hiệu quả; chuẩn bị tốt các điều kiện để triển khai thực hiện phương án thi tốt nghiệp trung học phổ thông từ năm 2025. 4. Đôn đốc, hướng dẫn, chỉ đạo các địa phương chủ động xây dựng kế hoạch tuyển dụng, quản lý, sử dụng hiệu quả chỉ tiêu biên chế giáo viên được giao tại Quyết định số 72-QĐ/TW ngày 18/7/2022 của Bộ Chính trị để từng bước khắc phục tình trạng thừa, thiếu giáo viên cục bộ và thiếu giáo viên tại các cấp học do tăng quy mô học sinh, triển khai các môn học theo Chương trình giáo dục phổ thông 2018. Rà soát, hoàn thiện các quy định, cơ chế chính sách để từng bước khắc phục tình trạng thiếu nguồn tuyển giáo viên, nhất là đối với môn học mới, môn học tích hợp. Phối hợp với Bộ Nội vụ rà soát, xây dựng và triển khai thực hiện chính sách tiền lương mới đối với đội ngũ nhà giáo, nhân viên ngành Giáo dục. 5. Triển khai thực hiện Quy hoạch mạng lưới các cơ sở giáo dục đại học và đào tạo sư phạm thời kỳ 2021 - 2030, tầm nhìn đến 2050. Chỉ đạo, hướng dẫn các cơ sở giáo dục đại học tập trung xây dựng chương trình, tổ chức đào tạo nguồn nhân lực chất lượng cao đáp ứng yêu cầu phát triển kinh tế tri thức, kinh tế số, kinh tế xanh, kinh tế tuần hoàn, gắn với nghiên cứu khoa học, đổi mới sáng tạo, hội nhập quốc tế và phát triển hệ sinh thái khởi nghiệp. Tăng cường kiểm định quốc tế các chương trình đào tạo và cơ sở đào tạo. 6. Tổ chức thực hiện hiệu quả các đề án, dự án tăng cường cơ sở vật chất, nhất là nhiệm vụ được giao trong các Chương trình mục tiêu quốc gia. Đề xuất Chương trình đầu tư kiên cố hóa trường, lớp học, xóa phòng học tạm, xây dựng trường chuẩn quốc gia và mua sắm, sửa chữa trang thiết bị dạy học tối thiểu và Chương trình đầu tư phát triển giáo dục đại học để tạo đột phá trong phát triển nguồn nhân lực chất lượng cao cho đất nước. Chỉ đạo, hướng dẫn đẩy nhanh tiến độ giải ngân các nguồn vốn, nhất là vốn đầu tư công bảo đảm hiệu quả, đúng quy định. 7. Đổi mới, nâng cao chất lượng công tác giáo dục chính trị, tư tưởng, đạo đức, lối sống, kỹ năng sống; giáo dục quốc phòng, an ninh; giáo dục thể chất và tăng cường sự phối hợp giữa gia đình, nhà trường và xã hội trong giáo dục học sinh, sinh viên. Đẩy mạnh triển khai các giải pháp phòng, chống bạo lực học đường; xây dựng văn hóa học đường; tăng cường công tác tư vấn học đường, tư vấn hướng nghiệp cho học sinh, sinh viên. Triển khai có hiệu quả các giải pháp thúc đẩy các hoạt động khởi nghiệp, đổi mới sáng tạo trong học sinh, sinh viên. Tổ chức thành công Đại hội thể thao học sinh Đông Nam Á lần thứ 31 và Hội khỏe Phù đổng toàn quốc năm 2024. 8. Tăng cường hội nhập quốc tế, chủ động hợp tác với các nước có nền giáo dục tiên tiến để trao đổi kinh nghiệm, thu hút và sử dụng hiệu quả các nguồn lực của nước ngoài cho giáo dục và đào tạo. Đẩy mạnh việc thu hút sinh viên, nhà khoa học có uy tín ở nước ngoài đến học tập, giảng dạy và nghiên cứu khoa học tại Việt Nam. Triển khai hiệu quả các đề án, chương trình học bổng đào tạo nguồn nhân lực ở nước ngoài có sử dụng ngân sách nhà nước. 9. Đẩy mạnh cải cách hành chính gắn với tăng cường chuyển đổi số và thực hiện các dịch vụ công trực tuyến trong lĩnh vực giáo dục và đào tạo; tiếp tục xây dựng hạ tầng học tập quốc gia, kho học liệu số dùng chung toàn ngành; hoàn thiện cơ sở dữ liệu toàn ngành, kết nối liên thông với các cơ sở dữ liệu quốc gia. 10. Tăng cường công tác thanh tra, kiểm tra việc xây dựng pháp luật và thực hiện chính sách pháp luật về giáo dục và đào tạo nhằm xây dựng môi trường giáo dục an toàn, lành mạnh, ngăn ngừa và xử lý nghiêm các hành vi vi phạm trong giáo dục và đào tạo. Bộ Giáo dục và Đào tạo BẢN QUYỀN THUỘC VỀ: BỘ GIÁO DỤC VÀ ĐÀO TẠO Địa chỉ: Số 35 Đại Cồ Việt, Hà Nội Điện thoại: 024.38695144; Fax: 024.38694085; Email: bogddt@moet.gov.vn Giấy phép số 184/GP-BC do\xa0Bộ Văn hóa Thông tin cấp', 'total_words': 1299, 'minimum_keywords': 6}
Traceback (most recent call last):
  File "C:\Users\Admin\AppData\Local\Programs\Python\Python311\Lib\site-packages\twisted\internet\defer.py", line 892, in _runCallbacks
    current.result = callback(  # type: ignore[misc]
  File "C:\Users\Admin\AppData\Local\Programs\Python\Python311\Lib\site-packages\scrapy\utils\defer.py", line 340, in f
    return deferred_from_coro(coro_f(*coro_args, **coro_kwargs))
  File "C:\PersonalProject\educrawlerCrawlerService\educrawlerCrawlerService\pipelines.py", line 32, in process_item
    print(isExisted)
  File "C:\Users\Admin\AppData\Local\Programs\Python\Python311\Lib\encodings\cp1252.py", line 19, in encode
    return codecs.charmap_encode(input,self.errors,encoding_table)[0]
UnicodeEncodeError: 'charmap' codec can't encode character '\u1ebf' in position 173: character maps to <undefined>
2024-02-21 21:25:19 [scrapy.core.engine] INFO: Closing spider (finished)
2024-02-21 21:25:19 [urllib3.connectionpool] DEBUG: Starting new HTTPS connection (1): api.scrapeops.io:443
2024-02-21 21:25:20 [urllib3.connectionpool] DEBUG: https://api.scrapeops.io:443 "POST /api/v1/stats/ HTTP/1.1" 200 108
2024-02-21 21:25:20 [scrapy.statscollectors] INFO: Dumping Scrapy stats:
{'downloader/request_bytes': 476,
 'downloader/request_count': 2,
 'downloader/request_method_count/GET': 2,
 'downloader/response_bytes': 31744,
 'downloader/response_count': 2,
 'downloader/response_status_count/200': 1,
 'downloader/response_status_count/404': 1,
 'elapsed_time_seconds': 4.085985,
 'finish_reason': 'finished',
 'finish_time': datetime.datetime(2024, 2, 21, 14, 25, 19, 172095, tzinfo=datetime.timezone.utc),
 'httpcompression/response_bytes': 100023,
 'httpcompression/response_count': 1,
 'log_count/DEBUG': 12,
 'log_count/ERROR': 1,
 'log_count/INFO': 10,
 'response_received_count': 2,
 'robotstxt/request_count': 1,
 'robotstxt/response_count': 1,
 'robotstxt/response_status_count/404': 1,
 'scheduler/dequeued': 1,
 'scheduler/dequeued/memory': 1,
 'scheduler/enqueued': 1,
 'scheduler/enqueued/memory': 1,
 'start_time': datetime.datetime(2024, 2, 21, 14, 25, 15, 86110, tzinfo=datetime.timezone.utc)}
2024-02-21 21:25:20 [scrapy.core.engine] INFO: Spider closed (finished)
