2024-02-21 20:00:51 [scrapy.utils.log] INFO: Scrapy 2.11.0 started (bot: educrawlerCrawlerService)
2024-02-21 20:00:51 [scrapy.utils.log] INFO: Versions: lxml 4.9.3.0, libxml2 2.10.3, cssselect 1.2.0, parsel 1.8.1, w3lib 2.1.2, Twisted 22.10.0, Python 3.11.3 (tags/v3.11.3:f3909b8, Apr  4 2023, 23:49:59) [MSC v.1934 64 bit (AMD64)], pyOpenSSL 23.2.0 (OpenSSL 3.1.3 19 Sep 2023), cryptography 41.0.4, Platform Windows-10-10.0.22621-SP0
2024-02-21 20:00:51 [scrapy.addons] INFO: Enabled addons:
[]
2024-02-21 20:00:51 [asyncio] DEBUG: Using selector: SelectSelector
2024-02-21 20:00:51 [scrapy.utils.log] DEBUG: Using reactor: twisted.internet.asyncioreactor.AsyncioSelectorReactor
2024-02-21 20:00:51 [scrapy.utils.log] DEBUG: Using asyncio event loop: asyncio.windows_events._WindowsSelectorEventLoop
2024-02-21 20:00:51 [scrapy.extensions.telnet] INFO: Telnet Password: 168df029f495a8bb
2024-02-21 20:00:51 [scrapy.middleware] INFO: Enabled extensions:
['scrapy.extensions.corestats.CoreStats',
 'scrapy.extensions.telnet.TelnetConsole',
 'scrapy.extensions.logstats.LogStats']
2024-02-21 20:00:51 [scrapy.crawler] INFO: Overridden settings:
{'BOT_NAME': 'educrawlerCrawlerService',
 'DEPTH_LIMIT': 3,
 'DOWNLOAD_DELAY': 2,
 'FEED_EXPORT_ENCODING': 'utf-8',
 'LOG_FILE': 'logs\\default\\demoCrawlerURL\\3c93111bd0b911ee99169cfce8f276e2.log',
 'NEWSPIDER_MODULE': 'educrawlerCrawlerService.spiders',
 'REQUEST_FINGERPRINTER_IMPLEMENTATION': '2.7',
 'ROBOTSTXT_OBEY': True,
 'SPIDER_MODULES': ['educrawlerCrawlerService.spiders'],
 'TWISTED_REACTOR': 'twisted.internet.asyncioreactor.AsyncioSelectorReactor'}
2024-02-21 20:00:51 [scrapy.middleware] INFO: Enabled downloader middlewares:
['scrapy.downloadermiddlewares.robotstxt.RobotsTxtMiddleware',
 'scrapy.downloadermiddlewares.httpauth.HttpAuthMiddleware',
 'scrapy.downloadermiddlewares.downloadtimeout.DownloadTimeoutMiddleware',
 'scrapy.downloadermiddlewares.defaultheaders.DefaultHeadersMiddleware',
 'scrapy.downloadermiddlewares.useragent.UserAgentMiddleware',
 'scrapy.downloadermiddlewares.retry.RetryMiddleware',
 'scrapy.downloadermiddlewares.redirect.MetaRefreshMiddleware',
 'scrapy.downloadermiddlewares.httpcompression.HttpCompressionMiddleware',
 'scrapy.downloadermiddlewares.redirect.RedirectMiddleware',
 'scrapy.downloadermiddlewares.cookies.CookiesMiddleware',
 'scrapy.downloadermiddlewares.httpproxy.HttpProxyMiddleware',
 'scrapy.downloadermiddlewares.stats.DownloaderStats']
2024-02-21 20:00:51 [scrapy.middleware] INFO: Enabled spider middlewares:
['scrapy.spidermiddlewares.httperror.HttpErrorMiddleware',
 'scrapy.spidermiddlewares.offsite.OffsiteMiddleware',
 'scrapy.spidermiddlewares.referer.RefererMiddleware',
 'scrapy.spidermiddlewares.urllength.UrlLengthMiddleware',
 'scrapy.spidermiddlewares.depth.DepthMiddleware']
2024-02-21 20:00:51 [twisted] CRITICAL: Unhandled error in Deferred:
2024-02-21 20:00:51 [twisted] CRITICAL: 
Traceback (most recent call last):
  File "C:\Users\Admin\AppData\Local\Programs\Python\Python311\Lib\site-packages\twisted\internet\defer.py", line 1697, in _inlineCallbacks
    result = context.run(gen.send, result)
  File "C:\Users\Admin\AppData\Local\Programs\Python\Python311\Lib\site-packages\scrapy\crawler.py", line 158, in crawl
    self.engine = self._create_engine()
  File "C:\Users\Admin\AppData\Local\Programs\Python\Python311\Lib\site-packages\scrapy\crawler.py", line 172, in _create_engine
    return ExecutionEngine(self, lambda _: self.stop())
  File "C:\Users\Admin\AppData\Local\Programs\Python\Python311\Lib\site-packages\scrapy\core\engine.py", line 100, in __init__
    self.scraper = Scraper(crawler)
  File "C:\Users\Admin\AppData\Local\Programs\Python\Python311\Lib\site-packages\scrapy\core\scraper.py", line 109, in __init__
    self.itemproc: ItemPipelineManager = itemproc_cls.from_crawler(crawler)
  File "C:\Users\Admin\AppData\Local\Programs\Python\Python311\Lib\site-packages\scrapy\middleware.py", line 90, in from_crawler
    return cls.from_settings(crawler.settings, crawler)
  File "C:\Users\Admin\AppData\Local\Programs\Python\Python311\Lib\site-packages\scrapy\middleware.py", line 66, in from_settings
    mwcls = load_object(clspath)
  File "C:\Users\Admin\AppData\Local\Programs\Python\Python311\Lib\site-packages\scrapy\utils\misc.py", line 79, in load_object
    mod = import_module(module)
  File "C:\Users\Admin\AppData\Local\Programs\Python\Python311\Lib\importlib\__init__.py", line 126, in import_module
    return _bootstrap._gcd_import(name[level:], package, level)
  File "<frozen importlib._bootstrap>", line 1206, in _gcd_import
  File "<frozen importlib._bootstrap>", line 1178, in _find_and_load
  File "<frozen importlib._bootstrap>", line 1149, in _find_and_load_unlocked
  File "<frozen importlib._bootstrap>", line 690, in _load_unlocked
  File "<frozen importlib._bootstrap_external>", line 940, in exec_module
  File "<frozen importlib._bootstrap>", line 241, in _call_with_frames_removed
  File "C:\PersonalProject\educrawlerCrawlerService\educrawlerCrawlerService\pipelines.py", line 9, in <module>
    from educrawlerAPI import Singleton
ModuleNotFoundError: No module named 'educrawlerAPI'
