2024-02-21 20:29:36 [scrapy.utils.log] INFO: Scrapy 2.11.0 started (bot: educrawlerCrawlerService)
2024-02-21 20:29:36 [scrapy.utils.log] INFO: Versions: lxml 4.9.3.0, libxml2 2.10.3, cssselect 1.2.0, parsel 1.8.1, w3lib 2.1.2, Twisted 22.10.0, Python 3.11.3 (tags/v3.11.3:f3909b8, Apr  4 2023, 23:49:59) [MSC v.1934 64 bit (AMD64)], pyOpenSSL 23.2.0 (OpenSSL 3.1.3 19 Sep 2023), cryptography 41.0.4, Platform Windows-10-10.0.22621-SP0
2024-02-21 20:29:36 [scrapy.addons] INFO: Enabled addons:
[]
2024-02-21 20:29:36 [asyncio] DEBUG: Using selector: SelectSelector
2024-02-21 20:29:36 [scrapy.utils.log] DEBUG: Using reactor: twisted.internet.asyncioreactor.AsyncioSelectorReactor
2024-02-21 20:29:36 [scrapy.utils.log] DEBUG: Using asyncio event loop: asyncio.windows_events._WindowsSelectorEventLoop
2024-02-21 20:29:36 [scrapy.extensions.telnet] INFO: Telnet Password: 10b28eca0c941a1f
2024-02-21 20:29:36 [scrapy.middleware] INFO: Enabled extensions:
['scrapy.extensions.corestats.CoreStats',
 'scrapy.extensions.telnet.TelnetConsole',
 'scrapy.extensions.logstats.LogStats']
2024-02-21 20:29:36 [scrapy.crawler] INFO: Overridden settings:
{'BOT_NAME': 'educrawlerCrawlerService',
 'DEPTH_LIMIT': 3,
 'DOWNLOAD_DELAY': 2,
 'FEED_EXPORT_ENCODING': 'utf-8',
 'LOG_FILE': 'logs\\default\\demoCrawlerURL\\3fa0a4fdd0bd11eeb3ff9cfce8f276e2.log',
 'NEWSPIDER_MODULE': 'educrawlerCrawlerService.spiders',
 'REQUEST_FINGERPRINTER_IMPLEMENTATION': '2.7',
 'ROBOTSTXT_OBEY': True,
 'SPIDER_MODULES': ['educrawlerCrawlerService.spiders'],
 'TWISTED_REACTOR': 'twisted.internet.asyncioreactor.AsyncioSelectorReactor'}
2024-02-21 20:29:37 [scrapy.middleware] INFO: Enabled downloader middlewares:
['scrapy.downloadermiddlewares.robotstxt.RobotsTxtMiddleware',
 'scrapy.downloadermiddlewares.httpauth.HttpAuthMiddleware',
 'scrapy.downloadermiddlewares.downloadtimeout.DownloadTimeoutMiddleware',
 'scrapy.downloadermiddlewares.defaultheaders.DefaultHeadersMiddleware',
 'scrapy.downloadermiddlewares.useragent.UserAgentMiddleware',
 'scrapy.downloadermiddlewares.retry.RetryMiddleware',
 'scrapy.downloadermiddlewares.redirect.MetaRefreshMiddleware',
 'scrapy.downloadermiddlewares.httpcompression.HttpCompressionMiddleware',
 'scrapy.downloadermiddlewares.redirect.RedirectMiddleware',
 'scrapy.downloadermiddlewares.cookies.CookiesMiddleware',
 'scrapy.downloadermiddlewares.httpproxy.HttpProxyMiddleware',
 'scrapy.downloadermiddlewares.stats.DownloaderStats']
2024-02-21 20:29:37 [scrapy.middleware] INFO: Enabled spider middlewares:
['scrapy.spidermiddlewares.httperror.HttpErrorMiddleware',
 'scrapy.spidermiddlewares.offsite.OffsiteMiddleware',
 'scrapy.spidermiddlewares.referer.RefererMiddleware',
 'scrapy.spidermiddlewares.urllength.UrlLengthMiddleware',
 'scrapy.spidermiddlewares.depth.DepthMiddleware']
2024-02-21 20:29:37 [scrapy.middleware] INFO: Enabled item pipelines:
['educrawlerCrawlerService.pipelines.EducrawlercrawlerservicePipeline',
 'educrawlerCrawlerService.pipelines.DemoPipeline']
2024-02-21 20:29:37 [scrapy.core.engine] INFO: Spider opened
2024-02-21 20:29:37 [scrapy.extensions.logstats] INFO: Crawled 0 pages (at 0 pages/min), scraped 0 items (at 0 items/min)
2024-02-21 20:29:37 [scrapy.extensions.telnet] INFO: Telnet console listening on 127.0.0.1:6023
2024-02-21 20:29:37 [scrapy.core.engine] DEBUG: Crawled (200) <GET https://giaoduc.net.vn/robots.txt> (referer: None)
2024-02-21 20:29:40 [scrapy.core.engine] DEBUG: Crawled (200) <GET https://giaoduc.net.vn/nam-2024-dai-hoc-bach-khoa-ha-noi-du-kien-tuyen-hon-9200-sinh-vien-post241022.gd> (referer: None)
2024-02-21 20:29:40 [scrapy.core.scraper] DEBUG: Scraped from <200 https://giaoduc.net.vn/nam-2024-dai-hoc-bach-khoa-ha-noi-du-kien-tuyen-hon-9200-sinh-vien-post241022.gd>
{'crawlerType': 'demo', 'domain': 'giaoduc.net.vn', 'url': 'https://giaoduc.net.vn/nam-2024-dai-hoc-bach-khoa-ha-noi-du-kien-tuyen-hon-9200-sinh-vien-post241022.gd', 'academic_keyword': 58, 'keywords': ['giáo dục', 'đại học', 'đại học', 'học', 'học', 'sinh viên', 'ngành', 'khoa', 'khoa', 'tư duy', 'đánh giá'], 'title': 'Năm 2024, Đại học Bách khoa Hà Nội dự kiến tuyển hơn 9.200 sinh viên | Giáo dục Việt Nam', 'reformatted_content': 'GDVN -Năm 2024, Đại học Bách khoa Hà Nội dự kiến tuyển sinh 9.260 sinh viên và mở thêm 1 chương trình mới (ED3 - Quản lý Giáo dục). Sáng nay (21/2/2024), Đại học Bách khoa Hà Nội đã chính thức công bố thông tin tuyển sinh Đại học chính quy năm 2024. Phó giáo sư, Tiến sĩ Vũ Duy Hải - Trưởng Ban Tuyển sinh - Hướng nghiệp, Đại học Bách khoa Hà Nội, cho biết năm 2024, nhà trường giữ ổn định các phương thức tuyển sinh. Một số điểm mới trong tuyển sinh năm nay là chỉ tiêu tăng nhẹ (tăng 1275 chỉ tiêu so với năm 2023); Tỷ lệ dành cho xét tuyển bằng điểm thi đánh giá tư duy tăng; thêm 1 chương trình mới (ED3 - Quản lý Giáo dục). Đặc biệt, Đại học Bách khoa Hà Nội tăng số đợt thi đánh giá tư duy lên 6 đợt, tại 20 điểm thi trên 10 tỉnh/ thành phố trên cả nước. Cụ thể, năm 2024, Đại học Bách khoa Hà Nội tuyển sinh dự kiến 9.260 sinh viên với 3 phương thức tuyển sinh: 1) Phương thức xét tuyển tài năng (XTTN): khoảng 20%; 2) Phương thức xét tuyển theo điểm thi Đánh giá tư duy (ĐGTD): khoảng30%; 3) Phương thức xét tuyển theo điểm thi tốt nghiệp trung học phổ thông 2024 (trung học phổ thông): khoảng 50%. Về chương trình đào tạo (ngành đào tạo), năm nay Đại học Bách khoa Hà Nội dự kiến tuyển sinh 64 chương trình, trong đó: Số lượng chương trình đại trà (chương trình chuẩn): 36 chương trình; Số lượng chương trình chất lượng cao: 23 chương trình, bao gồm: 16 chương trình giảng dạy bằng tiếng Anh; 03 chương trình có tăng cường ngoại ngữ (Nhật, Pháp) và 04 chương trình có chuẩn đầu ra ngoại ngữ khác (Nhật, Đức); Số lượng chương trình PFIEV: 02 chương trình; Số lượng chương trình liên kết đào tạo quốc tế: 03 chương trình. Quy định về các chứng chỉ tiếng Anh quốc tế tương đương của Đại học Bách khoa Hà Nội như sau: Quy định về quy đổi điểm chứng chỉ IELTS (Academic) thành điểm tiếng Anh để xét tuyển các tổ hợp A01, D01, D07 và mức điểm thưởng: Thông tin về kỳ thi đánh giá tư duy, Phó giáo sư Vũ Duy Hải cho biết, kỳ tuyển sinh năm nay, Đại học Bách khoa Hà Nội tổ chức 6 đợt thi Đánh giá tư duy. Đối tượng dự thi là học sinh trung học phổ thông, thí sinh tự do; Phạm vi: Tất cả các tỉnh, thành phố trên toàn quốc; Hình thức thi: Thi trắc nghiệm khách quan trên máy tính. Dự kiến số đợt và thời gian tổ chức kỳ thi năm 2024 như sau: Địa điểm tổ chức thi: 10 tỉnh/thành phố gồm Hà Nội, Hưng Yên, Hải Phòng, Quảng Ninh, Nam Định, Thái Bình, Thanh Hóa, Nghệ An, Thái Nguyên, Đà Nẵng. Các khối ngành có thể sử dụng kết quả Kỳ thi đánh giá tư duy để xét tuyển đại học năm 2024: Các khối ngành khoa học kỹ thuật, công nghệ; Các khối ngành kinh tế, ngoại thương, tài chính, ngân hàng; Các khối ngành y, dược. Chi tiết thông tin tuyển sinh đại học chính quy Đại học Bách khoa Hà Nội xem TẠI ĐÂY', 'total_words': 568, 'minimum_keywords': 2}
2024-02-21 20:29:40 [scrapy.core.engine] INFO: Closing spider (finished)
2024-02-21 20:29:40 [scrapy.statscollectors] INFO: Dumping Scrapy stats:
{'downloader/request_bytes': 520,
 'downloader/request_count': 2,
 'downloader/request_method_count/GET': 2,
 'downloader/response_bytes': 14832,
 'downloader/response_count': 2,
 'downloader/response_status_count/200': 2,
 'elapsed_time_seconds': 2.960958,
 'finish_reason': 'finished',
 'finish_time': datetime.datetime(2024, 2, 21, 13, 29, 40, 613188, tzinfo=datetime.timezone.utc),
 'httpcompression/response_bytes': 68952,
 'httpcompression/response_count': 1,
 'item_scraped_count': 1,
 'log_count/DEBUG': 6,
 'log_count/INFO': 10,
 'response_received_count': 2,
 'robotstxt/request_count': 1,
 'robotstxt/response_count': 1,
 'robotstxt/response_status_count/200': 1,
 'scheduler/dequeued': 1,
 'scheduler/dequeued/memory': 1,
 'scheduler/enqueued': 1,
 'scheduler/enqueued/memory': 1,
 'start_time': datetime.datetime(2024, 2, 21, 13, 29, 37, 652230, tzinfo=datetime.timezone.utc)}
2024-02-21 20:29:40 [scrapy.core.engine] INFO: Spider closed (finished)
