2024-02-21 20:53:20 [scrapy.utils.log] INFO: Scrapy 2.11.0 started (bot: educrawlerCrawlerService)
2024-02-21 20:53:20 [scrapy.utils.log] INFO: Versions: lxml 4.9.3.0, libxml2 2.10.3, cssselect 1.2.0, parsel 1.8.1, w3lib 2.1.2, Twisted 22.10.0, Python 3.11.3 (tags/v3.11.3:f3909b8, Apr  4 2023, 23:49:59) [MSC v.1934 64 bit (AMD64)], pyOpenSSL 23.2.0 (OpenSSL 3.1.3 19 Sep 2023), cryptography 41.0.4, Platform Windows-10-10.0.22621-SP0
2024-02-21 20:53:20 [scrapy.addons] INFO: Enabled addons:
[]
2024-02-21 20:53:20 [asyncio] DEBUG: Using selector: SelectSelector
2024-02-21 20:53:20 [scrapy.utils.log] DEBUG: Using reactor: twisted.internet.asyncioreactor.AsyncioSelectorReactor
2024-02-21 20:53:20 [scrapy.utils.log] DEBUG: Using asyncio event loop: asyncio.windows_events._WindowsSelectorEventLoop
2024-02-21 20:53:20 [scrapy.extensions.telnet] INFO: Telnet Password: 4c91a7fea20dbbd5
2024-02-21 20:53:21 [scrapy.middleware] INFO: Enabled extensions:
['scrapy.extensions.corestats.CoreStats',
 'scrapy.extensions.telnet.TelnetConsole',
 'scrapy.extensions.logstats.LogStats',
 'scrapeops_scrapy.extension.ScrapeOpsMonitor']
2024-02-21 20:53:21 [scrapy.crawler] INFO: Overridden settings:
{'BOT_NAME': 'educrawlerCrawlerService',
 'DEPTH_LIMIT': 3,
 'DOWNLOAD_DELAY': 2,
 'FEED_EXPORT_ENCODING': 'utf-8',
 'LOG_FILE': 'logs\\default\\demoCrawlerURL\\914f8c48d0c011ee90169cfce8f276e2.log',
 'NEWSPIDER_MODULE': 'educrawlerCrawlerService.spiders',
 'REQUEST_FINGERPRINTER_IMPLEMENTATION': '2.7',
 'ROBOTSTXT_OBEY': True,
 'SPIDER_MODULES': ['educrawlerCrawlerService.spiders'],
 'TWISTED_REACTOR': 'twisted.internet.asyncioreactor.AsyncioSelectorReactor'}
2024-02-21 20:53:21 [scrapy.middleware] INFO: Enabled downloader middlewares:
['scrapy.downloadermiddlewares.robotstxt.RobotsTxtMiddleware',
 'scrapy.downloadermiddlewares.httpauth.HttpAuthMiddleware',
 'scrapy.downloadermiddlewares.downloadtimeout.DownloadTimeoutMiddleware',
 'scrapy.downloadermiddlewares.defaultheaders.DefaultHeadersMiddleware',
 'scrapy.downloadermiddlewares.useragent.UserAgentMiddleware',
 'scrapeops_scrapy.middleware.retry.RetryMiddleware',
 'scrapy.downloadermiddlewares.redirect.MetaRefreshMiddleware',
 'scrapy.downloadermiddlewares.httpcompression.HttpCompressionMiddleware',
 'scrapy.downloadermiddlewares.redirect.RedirectMiddleware',
 'scrapy.downloadermiddlewares.cookies.CookiesMiddleware',
 'scrapy.downloadermiddlewares.httpproxy.HttpProxyMiddleware',
 'scrapy.downloadermiddlewares.stats.DownloaderStats']
2024-02-21 20:53:21 [scrapy.middleware] INFO: Enabled spider middlewares:
['scrapy.spidermiddlewares.httperror.HttpErrorMiddleware',
 'scrapy.spidermiddlewares.offsite.OffsiteMiddleware',
 'scrapy.spidermiddlewares.referer.RefererMiddleware',
 'scrapy.spidermiddlewares.urllength.UrlLengthMiddleware',
 'scrapy.spidermiddlewares.depth.DepthMiddleware']
2024-02-21 20:53:21 [scrapy.middleware] INFO: Enabled item pipelines:
['educrawlerCrawlerService.pipelines.EducrawlercrawlerservicePipeline',
 'educrawlerCrawlerService.pipelines.DemoPipeline']
2024-02-21 20:53:21 [scrapy.core.engine] INFO: Spider opened
2024-02-21 20:53:21 [scrapy.extensions.logstats] INFO: Crawled 0 pages (at 0 pages/min), scraped 0 items (at 0 items/min)
2024-02-21 20:53:21 [urllib3.connectionpool] DEBUG: Starting new HTTPS connection (1): api.scrapeops.io:443
2024-02-21 20:53:23 [urllib3.connectionpool] DEBUG: https://api.scrapeops.io:443 "POST /api/v1/setup/ HTTP/1.1" 200 None
2024-02-21 20:53:23 [scrapy.extensions.telnet] INFO: Telnet console listening on 127.0.0.1:6023
2024-02-21 20:53:23 [urllib3.connectionpool] DEBUG: Starting new HTTPS connection (1): api.scrapeops.io:443
2024-02-21 20:53:24 [urllib3.connectionpool] DEBUG: https://api.scrapeops.io:443 "POST /api/v1/normalizer/domain/?domain=moet.gov.vn HTTP/1.1" 200 242
2024-02-21 20:53:24 [scrapy.core.engine] DEBUG: Crawled (404) <GET https://moet.gov.vn/robots.txt> (referer: None)
2024-02-21 20:53:24 [protego] DEBUG: Rule at line 9 without any user agent to enforce it on.
2024-02-21 20:53:26 [scrapy.core.engine] DEBUG: Crawled (200) <GET https://moet.gov.vn/tintuc/Pages/tin-tong-hop.aspx?ItemID=9182> (referer: None)
2024-02-21 20:53:26 [scrapy.core.scraper] ERROR: Error processing {'crawlerType': 'demo', 'domain': 'moet.gov.vn', 'url': 'https://moet.gov.vn/tintuc/Pages/tin-tong-hop.aspx?ItemID=9182', 'academic_keyword': 20, 'keywords': ['giáo dục', 'trường', 'học', 'sinh viên', 'ngành'], 'title': '\r\n\tTiếp tục tổ chức việc trồng cây trong ngành Giáo dục\r\n', 'reformatted_content': '20/02/2024\n407\nIn bài viết\nBộ Giáo dục và Đào tạo (GDĐT) vừa có văn bản gửi các Sở GDĐT, các đại học, học viện, trường đại học, trường cao đẳng sư phạm chỉ đạo về việc tiếp tục tổ chức việc trồng cây trong ngành Giáo dục.\nTheo đó, thực hiện Chỉ thị số 03/CT-TTg ngày 06/02/2024 của Thủ tướng Chính phủ về việc tổ chức “Tết trồng cây đời đời nhớ ơn Bác Hồ” và tăng cường công tác quản lý, bảo vệ, phát triển rừng; Chỉ thị số 06/CT-TTg ngày 15/02/2024 của Thủ tướng Chính phủ về việc đôn đốc thực hiện nhiệm vụ trọng tâm sau kỳ nghỉ Tết nguyên đán Giáp Thì 2024, Bộ GDĐT đề nghị các Sở GDĐT, các đại học, học viện, trường đại học, trường cao đẳng sư phạm tiếp tục phát động và tổ chức hiệu quả phong trào “Tết trồng cây đời đời nhớ ơn Bác Hồ” Xuân Giáp Thìn - 2024. Phối hợp với chính quyền và các đoàn thể tại địa phương tổ chức cho cán bộ quản lý giáo dục, nhà giáo, học sinh, sinh viên tham gia trồng cây xanh tại địa phương, trong khuôn viên trường học đảm bảo thiết thực, hiệu quả, không phô trương hình thức; thực hiện tốt công tác chăm sóc bảo vệ cây trồng và diện tích trồng hiện có. Tăng cường công tác tuyên truyền tới cán bộ quản lý giáo dục, nhà giáo, học sinh, sinh viên tích cực tham gia trồng cây xanh, trồng rừng góp phần hoàn thành mục tiêu “Trồng một tỷ cây xanh giai đoạn 2021-2025”. Nâng cao nhận thức cho cán bộ quản lý, nhà giáo, học sinh, sinh viên về vai trò, tác dụng, giá trị của rừng, ý nghĩa của việc trồng cây xanh, trồng rừng; phòng cháy, chữa cháy rừng, bảo vệ môi trường sinh thái, góp phần giảm nhẹ thiên tai, thích ứng với biến đổi khí hậu. Bên cạnh đó, Bộ GDĐT đề nghị, các đơn vị cần tiếp tục chỉ đạo tổ chức giảng dạy lồng ghép các chuyên đề tìm hiểu vai trò, tác dụng, giá trị của cây xanh, rừng đối với đời sống con người trong môn học, hoạt động giáo dục và các hoạt động ngoại khóa cho học sinh, sinh viên. Bộ GDĐT đề nghị các đơn vị nghiêm túc triển khai các nội dung trong văn bản phù hợp với tình hình thực tiễn của đơn vị. Trung tâm Truyền thông và Sự kiện BẢN QUYỀN THUỘC VỀ: BỘ GIÁO DỤC VÀ ĐÀO TẠO Địa chỉ: Số 35 Đại Cồ Việt, Hà Nội Điện thoại: 024.38695144; Fax: 024.38694085; Email: bogddt@moet.gov.vn Giấy phép số 184/GP-BC do\xa0Bộ Văn hóa Thông tin cấp', 'total_words': 456, 'minimum_keywords': 2}
Traceback (most recent call last):
  File "C:\Users\Admin\AppData\Local\Programs\Python\Python311\Lib\site-packages\twisted\internet\defer.py", line 892, in _runCallbacks
    current.result = callback(  # type: ignore[misc]
  File "C:\Users\Admin\AppData\Local\Programs\Python\Python311\Lib\site-packages\scrapy\utils\defer.py", line 340, in f
    return deferred_from_coro(coro_f(*coro_args, **coro_kwargs))
  File "C:\PersonalProject\educrawlerCrawlerService\educrawlerCrawlerService\pipelines.py", line 32, in process_item
    print(isExisted)
  File "C:\Users\Admin\AppData\Local\Programs\Python\Python311\Lib\encodings\cp1252.py", line 19, in encode
    return codecs.charmap_encode(input,self.errors,encoding_table)[0]
UnicodeEncodeError: 'charmap' codec can't encode character '\u1ebf' in position 171: character maps to <undefined>
2024-02-21 20:53:26 [scrapy.core.engine] INFO: Closing spider (finished)
2024-02-21 20:53:26 [urllib3.connectionpool] DEBUG: Starting new HTTPS connection (1): api.scrapeops.io:443
2024-02-21 20:53:27 [urllib3.connectionpool] DEBUG: https://api.scrapeops.io:443 "POST /api/v1/stats/ HTTP/1.1" 200 108
2024-02-21 20:53:27 [scrapy.statscollectors] INFO: Dumping Scrapy stats:
{'downloader/request_bytes': 476,
 'downloader/request_count': 2,
 'downloader/request_method_count/GET': 2,
 'downloader/response_bytes': 28067,
 'downloader/response_count': 2,
 'downloader/response_status_count/200': 1,
 'downloader/response_status_count/404': 1,
 'elapsed_time_seconds': 4.518685,
 'finish_reason': 'finished',
 'finish_time': datetime.datetime(2024, 2, 21, 13, 53, 26, 406471, tzinfo=datetime.timezone.utc),
 'httpcompression/response_bytes': 89017,
 'httpcompression/response_count': 1,
 'log_count/DEBUG': 12,
 'log_count/ERROR': 1,
 'log_count/INFO': 10,
 'response_received_count': 2,
 'robotstxt/request_count': 1,
 'robotstxt/response_count': 1,
 'robotstxt/response_status_count/404': 1,
 'scheduler/dequeued': 1,
 'scheduler/dequeued/memory': 1,
 'scheduler/enqueued': 1,
 'scheduler/enqueued/memory': 1,
 'start_time': datetime.datetime(2024, 2, 21, 13, 53, 21, 887786, tzinfo=datetime.timezone.utc)}
2024-02-21 20:53:27 [scrapy.core.engine] INFO: Spider closed (finished)
