2024-02-21 20:04:20 [scrapy.utils.log] INFO: Scrapy 2.11.0 started (bot: educrawlerCrawlerService)
2024-02-21 20:04:20 [scrapy.utils.log] INFO: Versions: lxml 4.9.3.0, libxml2 2.10.3, cssselect 1.2.0, parsel 1.8.1, w3lib 2.1.2, Twisted 22.10.0, Python 3.11.3 (tags/v3.11.3:f3909b8, Apr  4 2023, 23:49:59) [MSC v.1934 64 bit (AMD64)], pyOpenSSL 23.2.0 (OpenSSL 3.1.3 19 Sep 2023), cryptography 41.0.4, Platform Windows-10-10.0.22621-SP0
2024-02-21 20:04:20 [scrapy.addons] INFO: Enabled addons:
[]
2024-02-21 20:04:20 [asyncio] DEBUG: Using selector: SelectSelector
2024-02-21 20:04:20 [scrapy.utils.log] DEBUG: Using reactor: twisted.internet.asyncioreactor.AsyncioSelectorReactor
2024-02-21 20:04:20 [scrapy.utils.log] DEBUG: Using asyncio event loop: asyncio.windows_events._WindowsSelectorEventLoop
2024-02-21 20:04:20 [scrapy.extensions.telnet] INFO: Telnet Password: 4342f0ec1d1fc6c6
2024-02-21 20:04:20 [scrapy.middleware] INFO: Enabled extensions:
['scrapy.extensions.corestats.CoreStats',
 'scrapy.extensions.telnet.TelnetConsole',
 'scrapy.extensions.logstats.LogStats']
2024-02-21 20:04:20 [scrapy.crawler] INFO: Overridden settings:
{'BOT_NAME': 'educrawlerCrawlerService',
 'DEPTH_LIMIT': 3,
 'DOWNLOAD_DELAY': 2,
 'FEED_EXPORT_ENCODING': 'utf-8',
 'LOG_FILE': 'logs\\default\\demoCrawlerURL\\b8d17d80d0b911ee91089cfce8f276e2.log',
 'NEWSPIDER_MODULE': 'educrawlerCrawlerService.spiders',
 'REQUEST_FINGERPRINTER_IMPLEMENTATION': '2.7',
 'ROBOTSTXT_OBEY': True,
 'SPIDER_MODULES': ['educrawlerCrawlerService.spiders'],
 'TWISTED_REACTOR': 'twisted.internet.asyncioreactor.AsyncioSelectorReactor'}
2024-02-21 20:04:20 [scrapy.middleware] INFO: Enabled downloader middlewares:
['scrapy.downloadermiddlewares.robotstxt.RobotsTxtMiddleware',
 'scrapy.downloadermiddlewares.httpauth.HttpAuthMiddleware',
 'scrapy.downloadermiddlewares.downloadtimeout.DownloadTimeoutMiddleware',
 'scrapy.downloadermiddlewares.defaultheaders.DefaultHeadersMiddleware',
 'scrapy.downloadermiddlewares.useragent.UserAgentMiddleware',
 'scrapy.downloadermiddlewares.retry.RetryMiddleware',
 'scrapy.downloadermiddlewares.redirect.MetaRefreshMiddleware',
 'scrapy.downloadermiddlewares.httpcompression.HttpCompressionMiddleware',
 'scrapy.downloadermiddlewares.redirect.RedirectMiddleware',
 'scrapy.downloadermiddlewares.cookies.CookiesMiddleware',
 'scrapy.downloadermiddlewares.httpproxy.HttpProxyMiddleware',
 'scrapy.downloadermiddlewares.stats.DownloaderStats']
2024-02-21 20:04:20 [scrapy.middleware] INFO: Enabled spider middlewares:
['scrapy.spidermiddlewares.httperror.HttpErrorMiddleware',
 'scrapy.spidermiddlewares.offsite.OffsiteMiddleware',
 'scrapy.spidermiddlewares.referer.RefererMiddleware',
 'scrapy.spidermiddlewares.urllength.UrlLengthMiddleware',
 'scrapy.spidermiddlewares.depth.DepthMiddleware']
2024-02-21 20:04:21 [scrapy.middleware] INFO: Enabled item pipelines:
['educrawlerCrawlerService.pipelines.EducrawlercrawlerservicePipeline',
 'educrawlerCrawlerService.pipelines.DemoPipeline']
2024-02-21 20:04:21 [scrapy.core.engine] INFO: Spider opened
2024-02-21 20:04:21 [scrapy.extensions.logstats] INFO: Crawled 0 pages (at 0 pages/min), scraped 0 items (at 0 items/min)
2024-02-21 20:04:21 [scrapy.extensions.telnet] INFO: Telnet console listening on 127.0.0.1:6023
2024-02-21 20:04:21 [scrapy.core.engine] DEBUG: Crawled (200) <GET https://giaoduc.net.vn/robots.txt> (referer: None)
2024-02-21 20:04:23 [scrapy.core.engine] DEBUG: Crawled (200) <GET https://giaoduc.net.vn/sinh-vien-nao-thuoc-dien-duoc-mien-giam-hoc-phi-trong-nam-2024-post240994.gd> (referer: None)
2024-02-21 20:04:23 [scrapy.core.scraper] ERROR: Error processing {'crawlerType': 'demo', 'domain': 'giaoduc.net.vn', 'url': 'https://giaoduc.net.vn/sinh-vien-nao-thuoc-dien-duoc-mien-giam-hoc-phi-trong-nam-2024-post240994.gd', 'academic_keyword': 213, 'keywords': ['giáo dục', 'giáo dục', 'đại học', 'trường', 'học', 'học', 'đào tạo', 'sinh viên', 'sinh viên', 'ngành', 'khoa', 'chuyên'], 'title': 'Sinh viên nào thuộc diện được miễn giảm học phí trong năm 2024? | Giáo dục Việt Nam', 'reformatted_content': 'GDVN - Năm 2024, nhiều cơ sở giáo dục đại học đã có các chính sách miễn giảm học phí và cấp học bổng cho sinh viên theo học. Năm 2024, bên cạnh quy định chung của Nhà nước, nhiều cơ sở giáo dục đại học cũng có các chính sách miễn giảm học phí và cấp học bổng cho sinh viên theo học. Nhiều ngành học được miễn hoàn toàn học phí Theo Nghị định số 97/2023/NĐ-CP của Chính phủ về Sửa đổi, bổ sung một số điều của Nghị định số 81/2021/NĐ-CP ngày 27 tháng 8 năm 2021 của Chính phủ quy định về cơ chế thu, quản lý học phí đối với cơ sở giáo dục thuộc hệ thống giáo dục quốc dân và chính sách miễn, giảm học phí, hỗ trợ chi phí học tập; giá dịch vụ trong lĩnh vực giáo dục, đào tạo, có quy định về 08 chuyên ngành sinh viên được miễn học phí gồm: Tư tưởng Hồ Chí Minh, Mác - Lê nin, ngành Lao, Phong, Tâm thần, Pháp y tâm thần, Giám định pháp Y, Giải phẫu bệnh tại các cơ sở đào tạo công lập theo chỉ tiêu đặt hàng của Nhà nước. Cũng tại Nghị định số 97/2023/NĐ-CP, đối tượng sinh viên được miễn học phí gồm: Sinh viên học tại các cơ sở giáo dục nghề nghiệp và giáo dục đại học người dân tộc thiểu số có cha/mẹ hoặc ông/bà (trong trường hợp ở với ông bà) thuộc hộ nghèo và hộ cận nghèo theo quy định của Thủ tướng Chính phủ; Sinh viên người dân tộc thiểu số rất ít người (gồm các dân tộc: Pu Péo, Cống, Mảng, Si La, Bố Y, Cờ Lao, La Ha, Ơ Đu, Ngái, Chứt, Brâu, Rơ Măm, Lự, Pà Thẻn, La Hủ, Lô Lô); Sinh viên thuộc các đối tượng của các chương trình, đề án được miễn học phí theo quy định của Chính phủ… Đặc biệt, từ ngày 1/1/2024, Luật Khám bệnh, chữa bệnh năm 2023 chính thức có hiệu lực đã quy định về việc một số chuyên ngành khối Sức khỏe được miễn hoàn toàn học phí và hỗ trợ sinh hoạt phí toàn khóa học cho người học nếu học tại cơ sở đào tạo thuộc khối ngành sức khỏe của Nhà nước; Bên cạnh đó, Nhà nước cũng cấp học bổng khuyến khích học tập cho người học chuyên ngành tâm thần, giải phẫu bệnh, pháp y, pháp y tâm thần, truyền nhiễm và hồi sức cấp cứu có kết quả học tập, rèn luyện đủ điều kiện để cấp học bổng tại cơ sở đào tạo thuộc khối ngành sức khỏe của Nhà nước; Đồng thời, cấp học bổng chính sách cho người học chuyên ngành tâm thần, giải phẫu bệnh, pháp y, pháp y tâm thần, truyền nhiễm và hồi sức cấp cứu là người đang làm việc tại cơ sở khám bệnh, chữa bệnh tại vùng có điều kiện kinh tế - xã hội khó khăn và vùng có điều kiện kinh tế - xã hội đặc biệt khó khăn. So với Luật Khám, chữa bệnh năm 2009 (số chuyên ngành được Nhà nước miễn học phí gồm: giải phẫu bệnh, giám định pháp y, pháp y tâm thần), thì tới Luật Khám, chữa bệnh năm 2023 số chuyên ngành được miễn hoàn toàn học phí đã tăng thêm các chuyên ngành tâm thần, truyền nhiễm và hồi sức cấp cứu. Nhóm ngành đào tạo giáo viên được miễn học phí và hỗ trợ sinh hoạt phí Theo Nghị định 116/2020/NĐ-CP quy định về chính sách hỗ trợ tiền đóng học phí, chi phí sinh hoạt đối với sinh viên sư phạm, sinh viên ngành này sẽ được hỗ trợ hai khoản kinh phí là học phí và sinh hoạt phí. Trong đó, mức hỗ trợ học phí của sinh viên sư phạm là trợ 3,63 triệu đồng/tháng, bằng mức thu học phí của cơ sở đào tạo giáo viên nơi sinh viên sư phạm theo học. Thời gian hỗ trợ được xác định theo số tháng thực tế học tập tại trường, nhưng không quá 10 tháng/ năm học. Tuy nhiên, để nhận hỗ trợ theo Nghị định 116, sinh viên sư phạm phải cam kết công tác trong ngành giáo dục sau khi ra trường, cụ thể là: trong thời hạn 02 năm kể từ ngày có quyết định công nhận tốt nghiệp, sinh viên sư phạm công tác trong ngành giáo dục và có thời gian công tác tối thiểu gấp hai lần thời gian đào tạo tính từ ngày được tuyển dụng. Những ngành học giảm 70% học phí cho sinh viên Bên cạnh các ngành miễn hoàn toàn học phí, hiện nay cũng có nhiều ngành giảm tới 70% học phí cho sinh viên. Cụ thể, tại Nghị định số 97/2023/NĐ-CP quy định các ngành học giảm 70% học phí cho sinh viên gồm: Các ngành nghệ thuật truyền thống và đặc thù trong các cơ sở giáo dục nghề nghiệp, cơ sở giáo dục đại học công lập, tư thục có đào tạo về văn hóa – nghệ thuật bao gồm: Nhạc công kịch hát dân tộc; Nhạc công truyền thống Huế, đờn ca tài tử Nam Bộ; Diễn viên sân khấu kịch hát, nghệ thuật ca trù, nghệ thuật biểu diễn dân ca, nghệ thuật bài chòi, biểu diễn nhạc cụ truyền thống; Các chuyên ngành nhã nhạc cung đình, tuồng, chèo, cải lương, múa, xiếc; Một số nghề học nặng nhọc, độc hại, nguy hiểm đối với giáo dục nghề nghiệp theo danh mục nghề học nặng nhọc, độc hại, nguy hiểm do Bộ Lao động, Thương binh và Xã hội quy định. Ngoài ra các ngành học trên, chế độ giảm 70% học phí còn áp dụng đối với sinh viên là người dân tộc thiểu số (ngoài đối tượng dân tộc thiểu số rất ít người đã nêu bên trên) ở thôn/bản đặc biệt khó khăn, xã khu vực III vùng dân tộc miền núi, xã đặc biệt khó khăn vùng bãi ngang ven biển hải đảo. Nhiều chính sách dành cho sinh viên các ngành khoa học cơ bản Trong thời gian qua, việc tuyển sinh của một số ngành khoa học cơ bản gặp phải nhiều khó khăn. Vì thế, nhiều cơ sở giáo dục đại học đã đưa ra các chương trình hỗ trợ học phí, cấp học bổng để thu hút sinh viên theo học ngành này. Như Đại học Quốc gia Hà Nội, bắt đầu từ năm học 2022 - 2023 đã triển khai thí điểm các suất học bổng cho sinh viên các ngành khoa học cơ bản thuộc Trường Đại học Khoa học Tự nhiên và Trường Đại học Khoa học xã hội và Nhân văn với gói học bổng gồm: miễn học phí, miễn phí chỗ ở nội trú, ưu tiên tham gia nghiên cứu khoa học và chương trình ươm tạo nhà khoa học, ưu tiên khi xét các học bổng khác và hỗ trợ sinh hoạt phí 20 triệu đồng/năm học. Trong đó, Trường Đại học Khoa học xã hội và Nhân văn có 9 ngành khoa học cơ bản được nhận các suất học bổng là: Hán Nôm, Lịch sử, Triết học, Tôn giáo học, Chính trị học, Nhân học, Việt Nam học, Ngôn ngữ học và Văn học; Còn 9 ngành khoa học cơ bản được nhận học bổng tại Trường Đại học Khoa học Tự nhiên gồm: Tài năng Toán học, Tài năng Vật lý, Tài năng Hóa học, Tài năng Sinh học, Địa lý tự nhiên, Địa chất học, Tài nguyên và môi trường nước, Hải dương học và Công nghệ kỹ thuật hạt nhân. Còn, theo thông tin từ Trường Đại học Khoa học Tự nhiên (Đại học Quốc gia Thành phố Hồ Chí Minh), trong năm 2024, trường tiếp tục duy trì gói học bổng 2 tỷ đồng để cấp học bổng toàn phần và bán phần dành (100% học phí và học bổng bán phần 50% cho năm học đầu tiên) cho các thí sinh trúng tuyển với thành tích cao vào 07 ngành/nhóm ngành thuộc lĩnh vực khoa học tự nhiên, khoa học sự sống: Ngành Vật lý học; Hải dương học; Kỹ thuật hạt nhân; Địa chất học; Kỹ thuật địa chất; Khoa học môi trường; Công nghệ kỹ thuật môi trường. Cũng từ năm 2022, Đại học Quốc gia Thành phố Hồ Chí Minh thực hiện chương trình “Ươm mầm tài năng Toán và Trí tuệ nhân tạo (AI)” nhằm mục tiêu phát triển cộng đồng người học có đam mê và tài năng trong lĩnh vực Toán và Trí tuệ nhân tạo tại Việt Nam; cũng như hỗ trợ, bồi dưỡng, đào tạo các tài năng trẻ trong lĩnh vực Toán và Trí tuệ nhân tạo trở thành các nhà khoa học có uy tín trong khu vực và thế giới. Trong 5 năm triển khai (từ 2022 - 2026), chương trình tập trung vào các hoạt động cấp học bổng cho học sinh, sinh viên, học viên sau đại học tài năng trong lĩnh vực Toán học và Trí tuệ nhân tạo. Đồng thời, chương trình cũng hỗ trợ kinh phí cho các nghiên cứu khoa học, các dự án đổi mới phương pháp dạy trong lĩnh vực Toán học và Trí tuệ nhân tạo của các nhà khoa học, thầy cô giáo, giảng viên trẻ.', 'total_words': 1589, 'minimum_keywords': 7}
Traceback (most recent call last):
  File "C:\Users\Admin\AppData\Local\Programs\Python\Python311\Lib\site-packages\twisted\internet\defer.py", line 892, in _runCallbacks
    current.result = callback(  # type: ignore[misc]
  File "C:\Users\Admin\AppData\Local\Programs\Python\Python311\Lib\site-packages\scrapy\utils\defer.py", line 340, in f
    return deferred_from_coro(coro_f(*coro_args, **coro_kwargs))
  File "C:\PersonalProject\educrawlerCrawlerService\educrawlerCrawlerService\pipelines.py", line 31, in process_item
    isExisted = self.databaseAPI.getArticleByUrl(item["url"])
  File "C:\PersonalProject\educrawlerCrawlerService\databaseAPI.py", line 99, in getArticleByUrl
    sql_command = '''
TypeError: %d format: a real number is required, not str
2024-02-21 20:04:23 [scrapy.core.engine] INFO: Closing spider (finished)
2024-02-21 20:04:23 [scrapy.statscollectors] INFO: Dumping Scrapy stats:
{'downloader/request_bytes': 516,
 'downloader/request_count': 2,
 'downloader/request_method_count/GET': 2,
 'downloader/response_bytes': 16427,
 'downloader/response_count': 2,
 'downloader/response_status_count/200': 2,
 'elapsed_time_seconds': 2.457254,
 'finish_reason': 'finished',
 'finish_time': datetime.datetime(2024, 2, 21, 13, 4, 23, 659319, tzinfo=datetime.timezone.utc),
 'httpcompression/response_bytes': 73470,
 'httpcompression/response_count': 1,
 'log_count/DEBUG': 5,
 'log_count/ERROR': 1,
 'log_count/INFO': 10,
 'response_received_count': 2,
 'robotstxt/request_count': 1,
 'robotstxt/response_count': 1,
 'robotstxt/response_status_count/200': 1,
 'scheduler/dequeued': 1,
 'scheduler/dequeued/memory': 1,
 'scheduler/enqueued': 1,
 'scheduler/enqueued/memory': 1,
 'start_time': datetime.datetime(2024, 2, 21, 13, 4, 21, 202065, tzinfo=datetime.timezone.utc)}
2024-02-21 20:04:23 [scrapy.core.engine] INFO: Spider closed (finished)
